<?xml version="1.0" encoding="UTF-8"?>
<!-- Generated by org.testng.reporters.JUnitReportReporter -->
<testsuite skipped="0" hostname="ASCSBCWTL016" name="com.api.qa.test.TC001_Get_All_Employees" tests="5" failures="0" timestamp="05 Jun 2020 08:01:08 GMT" time="0.004" errors="0">
  <testcase name="validateResponseBody" time="0.000" classname="com.api.qa.test.TC001_Get_All_Employees"/>
  <testcase name="validateStatusCode" time="0.001" classname="com.api.qa.test.TC001_Get_All_Employees"/>
  <testcase name="validateContentType" time="0.001" classname="com.api.qa.test.TC001_Get_All_Employees"/>
  <testcase name="validateStatusLine" time="0.001" classname="com.api.qa.test.TC001_Get_All_Employees"/>
  <testcase name="validateResponseTime" time="0.001" classname="com.api.qa.test.TC001_Get_All_Employees"/>
</testsuite> <!-- com.api.qa.test.TC001_Get_All_Employees -->
