<?xml version="1.0" encoding="UTF-8"?>
<!-- Generated by org.testng.reporters.JUnitReportReporter -->
<testsuite skipped="0" hostname="ASCSBCWTL016" name="com.api.qa.test.TC003_POST_Create_Employee" tests="5" failures="0" timestamp="05 Jun 2020 08:01:08 GMT" time="0.008" errors="0">
  <testcase name="validateResponseBody" time="0.002" classname="com.api.qa.test.TC003_POST_Create_Employee"/>
  <testcase name="validateResponseTime" time="0.002" classname="com.api.qa.test.TC003_POST_Create_Employee"/>
  <testcase name="validateStatusCode" time="0.002" classname="com.api.qa.test.TC003_POST_Create_Employee"/>
  <testcase name="validateStatusLine" time="0.001" classname="com.api.qa.test.TC003_POST_Create_Employee"/>
  <testcase name="validateContentType" time="0.001" classname="com.api.qa.test.TC003_POST_Create_Employee"/>
</testsuite> <!-- com.api.qa.test.TC003_POST_Create_Employee -->
